This file contains any messages produced by compilers while
running configure, to aid debugging if configure makes a mistake.

It was created by nrpe configure 2.15, which was
generated by GNU Autoconf 2.59.  Invocation command line was

  $ ./configure 

## --------- ##
## Platform. ##
## --------- ##

hostname = test
uname -m = x86_64
uname -r = 3.10.0-229.14.1.el7.centos.plus.x86_64
uname -s = Linux
uname -v = #1 SMP Tue Sep 15 18:05:55 UTC 2015

/usr/bin/uname -p = x86_64
/bin/uname -X     = unknown

/bin/arch              = x86_64
/usr/bin/arch -k       = unknown
/usr/convex/getsysinfo = unknown
hostinfo               = unknown
/bin/machine           = unknown
/usr/bin/oslevel       = unknown
/bin/universe          = unknown

PATH: /usr/local/sbin
PATH: /usr/local/bin
PATH: /usr/sbin
PATH: /usr/bin
PATH: /root/bin


## ----------- ##
## Core tests. ##
## ----------- ##

configure:1378: checking for a BSD-compatible install
configure:1433: result: /usr/bin/install -c
configure:1452: checking build system type
configure:1470: result: x86_64-unknown-linux-gnu
configure:1478: checking host system type
configure:1492: result: x86_64-unknown-linux-gnu
configure:1547: checking for gcc
configure:1563: found /usr/bin/gcc
configure:1573: result: gcc
configure:1817: checking for C compiler version
configure:1820: gcc --version </dev/null >&5
gcc (GCC) 4.8.5 20150623 (Red Hat 4.8.5-11)
Copyright (C) 2015 Free Software Foundation, Inc.
This is free software; see the source for copying conditions.  There is NO
warranty; not even for MERCHANTABILITY or FITNESS FOR A PARTICULAR PURPOSE.

configure:1823: $? = 0
configure:1825: gcc -v </dev/null >&5
Using built-in specs.
COLLECT_GCC=gcc
COLLECT_LTO_WRAPPER=/usr/libexec/gcc/x86_64-redhat-linux/4.8.5/lto-wrapper
Target: x86_64-redhat-linux
Configured with: ../configure --prefix=/usr --mandir=/usr/share/man --infodir=/usr/share/info --with-bugurl=http://bugzilla.redhat.com/bugzilla --enable-bootstrap --enable-shared --enable-threads=posix --enable-checking=release --with-system-zlib --enable-__cxa_atexit --disable-libunwind-exceptions --enable-gnu-unique-object --enable-linker-build-id --with-linker-hash-style=gnu --enable-languages=c,c++,objc,obj-c++,java,fortran,ada,go,lto --enable-plugin --enable-initfini-array --disable-libgcj --with-isl=/builddir/build/BUILD/gcc-4.8.5-20150702/obj-x86_64-redhat-linux/isl-install --with-cloog=/builddir/build/BUILD/gcc-4.8.5-20150702/obj-x86_64-redhat-linux/cloog-install --enable-gnu-indirect-function --with-tune=generic --with-arch_32=x86-64 --build=x86_64-redhat-linux
Thread model: posix
gcc version 4.8.5 20150623 (Red Hat 4.8.5-11) (GCC) 
configure:1828: $? = 0
configure:1830: gcc -V </dev/null >&5
gcc: error: unrecognized command line option '-V'
gcc: fatal error: no input files
compilation terminated.
configure:1833: $? = 4
configure:1856: checking for C compiler default output file name
configure:1859: gcc    conftest.c  >&5
configure:1862: $? = 0
configure:1908: result: a.out
configure:1913: checking whether the C compiler works
configure:1919: ./a.out
configure:1922: $? = 0
configure:1939: result: yes
configure:1946: checking whether we are cross compiling
configure:1948: result: no
configure:1951: checking for suffix of executables
configure:1953: gcc -o conftest    conftest.c  >&5
configure:1956: $? = 0
configure:1981: result: 
configure:1987: checking for suffix of object files
configure:2008: gcc -c   conftest.c >&5
configure:2011: $? = 0
configure:2033: result: o
configure:2037: checking whether we are using the GNU C compiler
configure:2061: gcc -c   conftest.c >&5
configure:2067: $? = 0
configure:2071: test -z 
			 || test ! -s conftest.err
configure:2074: $? = 0
configure:2077: test -s conftest.o
configure:2080: $? = 0
configure:2093: result: yes
configure:2099: checking whether gcc accepts -g
configure:2120: gcc -c -g  conftest.c >&5
configure:2126: $? = 0
configure:2130: test -z 
			 || test ! -s conftest.err
configure:2133: $? = 0
configure:2136: test -s conftest.o
configure:2139: $? = 0
configure:2150: result: yes
configure:2167: checking for gcc option to accept ANSI C
configure:2237: gcc  -c -g -O2  conftest.c >&5
configure:2243: $? = 0
configure:2247: test -z 
			 || test ! -s conftest.err
configure:2250: $? = 0
configure:2253: test -s conftest.o
configure:2256: $? = 0
configure:2274: result: none needed
configure:2292: gcc -c -g -O2  conftest.c >&5
conftest.c:2:3: error: unknown type name 'choke'
   choke me
   ^
conftest.c:2:3: error: expected '=', ',', ';', 'asm' or '__attribute__' at end of input
configure:2298: $? = 1
configure: failed program was:
| #ifndef __cplusplus
|   choke me
| #endif
configure:2431: checking whether make sets $(MAKE)
configure:2451: result: yes
configure:2467: checking how to run the C preprocessor
configure:2502: gcc -E  conftest.c
configure:2508: $? = 0
configure:2540: gcc -E  conftest.c
conftest.c:9:28: fatal error: ac_nonexistent.h: No such file or directory
 #include <ac_nonexistent.h>
                            ^
compilation terminated.
configure:2546: $? = 1
configure: failed program was:
| /* confdefs.h.  */
| 
| #define PACKAGE_NAME "nrpe"
| #define PACKAGE_TARNAME "nrpe"
| #define PACKAGE_VERSION "2.15"
| #define PACKAGE_STRING "nrpe 2.15"
| #define PACKAGE_BUGREPORT "nagios-users@lists.sourceforge.net"
| /* end confdefs.h.  */
| #include <ac_nonexistent.h>
configure:2585: result: gcc -E
configure:2609: gcc -E  conftest.c
configure:2615: $? = 0
configure:2647: gcc -E  conftest.c
conftest.c:9:28: fatal error: ac_nonexistent.h: No such file or directory
 #include <ac_nonexistent.h>
                            ^
compilation terminated.
configure:2653: $? = 1
configure: failed program was:
| /* confdefs.h.  */
| 
| #define PACKAGE_NAME "nrpe"
| #define PACKAGE_TARNAME "nrpe"
| #define PACKAGE_VERSION "2.15"
| #define PACKAGE_STRING "nrpe 2.15"
| #define PACKAGE_BUGREPORT "nagios-users@lists.sourceforge.net"
| /* end confdefs.h.  */
| #include <ac_nonexistent.h>
configure:2697: checking for egrep
configure:2707: result: grep -E
configure:2712: checking for ANSI C header files
configure:2737: gcc -c -g -O2  conftest.c >&5
configure:2743: $? = 0
configure:2747: test -z 
			 || test ! -s conftest.err
configure:2750: $? = 0
configure:2753: test -s conftest.o
configure:2756: $? = 0
configure:2845: gcc -o conftest -g -O2   conftest.c  >&5
conftest.c: In function 'main':
conftest.c:26:7: warning: incompatible implicit declaration of built-in function 'exit' [enabled by default]
       exit(2);
       ^
configure:2848: $? = 0
configure:2850: ./conftest
configure:2853: $? = 0
configure:2868: result: yes
configure:2878: checking whether time.h and sys/time.h may both be included
configure:2903: gcc -c -g -O2  conftest.c >&5
configure:2909: $? = 0
configure:2913: test -z 
			 || test ! -s conftest.err
configure:2916: $? = 0
configure:2919: test -s conftest.o
configure:2922: $? = 0
configure:2933: result: yes
configure:2943: checking for sys/wait.h that is POSIX.1 compatible
configure:2974: gcc -c -g -O2  conftest.c >&5

## ---------------- ##
## Cache variables. ##
## ---------------- ##

ac_cv_build=x86_64-unknown-linux-gnu
ac_cv_build_alias=x86_64-unknown-linux-gnu
ac_cv_c_compiler_gnu=yes
ac_cv_env_CC_set=
ac_cv_env_CC_value=
ac_cv_env_CFLAGS_set=
ac_cv_env_CFLAGS_value=
ac_cv_env_CPPFLAGS_set=
ac_cv_env_CPPFLAGS_value=
ac_cv_env_CPP_set=
ac_cv_env_CPP_value=
ac_cv_env_LDFLAGS_set=
ac_cv_env_LDFLAGS_value=
ac_cv_env_build_alias_set=
ac_cv_env_build_alias_value=
ac_cv_env_host_alias_set=
ac_cv_env_host_alias_value=
ac_cv_env_target_alias_set=
ac_cv_env_target_alias_value=
ac_cv_exeext=
ac_cv_header_stdc=yes
ac_cv_header_time=yes
ac_cv_host=x86_64-unknown-linux-gnu
ac_cv_host_alias=x86_64-unknown-linux-gnu
ac_cv_objext=o
ac_cv_path_install='/usr/bin/install -c'
ac_cv_prog_CPP='gcc -E'
ac_cv_prog_ac_ct_CC=gcc
ac_cv_prog_cc_g=yes
ac_cv_prog_cc_stdc=
ac_cv_prog_egrep='grep -E'
ac_cv_prog_make_make_set=yes

## ----------------- ##
## Output variables. ##
## ----------------- ##

CC='gcc'
CFLAGS='-g -O2'
CPP='gcc -E'
CPPFLAGS=''
DEFS=''
ECHO_C=''
ECHO_N='-n'
ECHO_T=''
EGREP='grep -E'
EXEEXT=''
HAVE_SSL=''
INSTALL='/usr/bin/install -c'
INSTALL_DATA='${INSTALL} -m 644'
INSTALL_PROGRAM='${INSTALL}'
INSTALL_SCRIPT='${INSTALL}'
LDFLAGS=''
LIBOBJS=''
LIBS=''
LIBWRAPLIBS=''
LTLIBOBJS=''
NAGIOS_INSTALL_OPTS=''
NRPE_INSTALL_OPTS=''
OBJEXT='o'
OTHERLIBS=''
PACKAGE_BUGREPORT='nagios-users@lists.sourceforge.net'
PACKAGE_NAME='nrpe'
PACKAGE_STRING='nrpe 2.15'
PACKAGE_TARNAME='nrpe'
PACKAGE_VERSION='2.15'
PATH_SEPARATOR=':'
PERL=''
PKG_HOME_URL='http://www.nagios.org/'
PKG_NAME='nrpe'
PKG_REL_DATE='09-06-2013'
PKG_VERSION='2.15'
RPM_RELEASE='1'
SET_MAKE=''
SHELL='/bin/sh'
SNPRINTF_O=''
SOCKETLIBS=''
TARGET_ARCH=''
TARGET_OS=''
TARGET_PLATFORM=''
TARGET_VER=''
ac_ct_CC='gcc'
bindir='${exec_prefix}/bin'
build='x86_64-unknown-linux-gnu'
build_alias=''
build_cpu='x86_64'
build_os='linux-gnu'
build_vendor='unknown'
datadir='${prefix}/share'
exec_prefix='NONE'
host='x86_64-unknown-linux-gnu'
host_alias=''
host_cpu='x86_64'
host_os='linux-gnu'
host_vendor='unknown'
includedir='${prefix}/include'
infodir='${prefix}/info'
libdir='${exec_prefix}/lib'
libexecdir='${exec_prefix}/libexec'
localstatedir='${prefix}/var'
log_facility=''
mandir='${prefix}/man'
nagios_group=''
nagios_user=''
nrpe_group=''
nrpe_port=''
nrpe_user=''
oldincludedir='/usr/include'
prefix='NONE'
program_transform_name='s,x,x,'
sbindir='${exec_prefix}/sbin'
sharedstatedir='${prefix}/com'
sysconfdir='${prefix}/etc'
target_alias=''

## ----------- ##
## confdefs.h. ##
## ----------- ##

#define PACKAGE_BUGREPORT "nagios-users@lists.sourceforge.net"
#define PACKAGE_NAME "nrpe"
#define PACKAGE_STRING "nrpe 2.15"
#define PACKAGE_TARNAME "nrpe"
#define PACKAGE_VERSION "2.15"
#define STDC_HEADERS 1
#define TIME_WITH_SYS_TIME 1

configure: caught signal 2
configure: exit 1
